2021-05-15 18:58:00,581:INFO:PyCaret ClassificationExperiment
2021-05-15 18:58:00,581:INFO:Logging name: clf-default-name
2021-05-15 18:58:00,581:INFO:ML Usecase: MLUsecase.CLASSIFICATION
2021-05-15 18:58:00,581:INFO:version 2.3.0
2021-05-15 18:58:00,581:INFO:Initializing setup()
2021-05-15 18:58:00,581:INFO:setup(display=None, profile_kwargs=None, profile=False, verbose=True, seasonal_period=None, silent=False, log_data=False, log_profile=False, log_plots=False, experiment_name=None, log_experiment=False, session_id=None, html=True, custom_pipeline=None, use_gpu=False, n_jobs=-1, fold_groups=None, fold_shuffle=False, fh=1, fold=10, fold_strategy=stratifiedkfold, data_split_stratify=False, data_split_shuffle=True, transform_target_method=box-cox, transform_target=False, fix_imbalance_method=None, fix_imbalance=False, interaction_threshold=0.01, feature_ratio=False, feature_interaction=False, feature_selection_method=classic, feature_selection_threshold=0.8, feature_selection=False, group_names=None, group_features=None, polynomial_threshold=0.1, trigonometry_features=False, polynomial_degree=2, polynomial_features=False, cluster_iter=20, create_clusters=False, remove_perfect_collinearity=True, multicollinearity_threshold=0.9, remove_multicollinearity=False, outliers_threshold=0.05, remove_outliers=False, bin_numeric_features=None, rare_level_threshold=0.1, combine_rare_levels=False, ignore_low_variance=False, pca_components=None, pca_method=linear, pca=False, unknown_categorical_method=least_frequent, handle_unknown_categorical=True, transformation_method=yeo-johnson, transformation=False, normalize_method=zscore, normalize=False, ignore_features=None, date_features=None, numeric_iterative_imputer=lightgbm, numeric_imputation=mean, numeric_features=None, high_cardinality_method=frequency, high_cardinality_features=None, ordinal_features=None, categorical_iterative_imputer=lightgbm, categorical_imputation=constant, categorical_features=None, iterative_imputation_iters=5, imputation_type=simple, preprocess=True, test_data=None, train_size=0.7, target=Purchase, self=<pycaret.internal.pycaret_experiment.classification_experiment.ClassificationExperiment object at 0x000001DF52DEC240>)
2021-05-15 18:58:00,581:INFO:Checking environment
2021-05-15 18:58:00,581:INFO:python_version: 3.6.10
2021-05-15 18:58:00,581:INFO:python_build: ('default', 'May  7 2020 19:46:08')
2021-05-15 18:58:00,581:INFO:machine: AMD64
2021-05-15 18:58:00,581:INFO:platform: Windows-10-10.0.18362-SP0
2021-05-15 18:58:00,581:INFO:Memory: svmem(total=17032478720, available=7306432512, percent=57.1, used=9726046208, free=7306432512)
2021-05-15 18:58:00,581:INFO:Physical Core: 4
2021-05-15 18:58:00,581:INFO:Logical Core: 8
2021-05-15 18:58:00,581:INFO:Checking libraries
2021-05-15 18:58:00,581:INFO:pd==1.1.2
2021-05-15 18:58:00,581:INFO:numpy==1.19.2
2021-05-15 18:58:00,581:INFO:sklearn==0.23.2
2021-05-15 18:58:00,581:INFO:lightgbm==3.2.1
2021-05-15 18:58:00,765:INFO:xgboost==1.4.1
2021-05-15 18:58:00,781:INFO:catboost==0.24.1
2021-05-15 18:58:01,259:INFO:mlflow==1.15.0
2021-05-15 18:58:01,259:INFO:Checking Exceptions
2021-05-15 18:58:01,259:INFO:Declaring global variables
2021-05-15 18:58:01,259:INFO:self.USI: e564
2021-05-15 18:58:01,259:INFO:self.variable_keys: {'n_jobs_param', 'html_param', '_all_models', 'target_param', 'seed', 'X', 'logging_param', '_all_models_internal', 'X_test', 'fold_generator', 'y_test', 'stratify_param', 'log_plots_param', 'fold_shuffle_param', 'gpu_param', 'y', 'prep_pipe', 'exp_name_log', 'master_model_container', 'fix_imbalance_param', 'fold_groups_param', 'exp_id', '_internal_pipeline', '_ml_usecase', 'iterative_imputation_iters_param', 'variable_keys', 'USI', '_gpu_n_jobs_param', 'imputation_classifier', 'fix_imbalance_method_param', 'experiment__', 'y_train', 'imputation_regressor', '_available_plots', 'X_train', '_all_metrics', 'fold_param', 'display_container', 'data_before_preprocess'}
2021-05-15 18:58:01,259:INFO:Preparing display monitor
2021-05-15 18:58:01,260:INFO:Preparing display monitor
2021-05-15 18:58:01,276:INFO:Importing libraries
2021-05-15 18:58:01,276:INFO:Copying data for preprocessing
2021-05-15 18:58:01,283:INFO:Declaring preprocessing parameters
2021-05-15 18:58:01,284:INFO:Creating preprocessing pipeline
2021-05-15 18:58:01,297:INFO:NumExpr defaulting to 8 threads.
2021-05-15 18:58:01,309:INFO:Preprocessing pipeline created successfully
2021-05-15 18:58:01,309:ERROR:(Process Exit): setup has been interupted with user command 'quit'. setup must rerun.
2021-05-15 18:58:01,309:INFO:Creating global containers
2021-05-15 18:58:01,310:INFO:Internal pipeline: Pipeline(memory=None, steps=[('empty_step', 'passthrough')], verbose=False)
